# JRE version: Java(TM) SE Runtime Environment (16.0.1+9) (build 16.0.1+9-24)
# Java VM: Java HotSpot(TM) 64-Bit Server VM (16.0.1+9-24, mixed mode, sharing, tiered, compressed oops, compressed class ptrs, g1 gc, windows-amd64)
GC Precious Log:
 CPUs: 4 total, 4 available
 Memory: 8020M
 Large Page Support: Disabled
 NUMA Support: Disabled
 Compressed Oops: Enabled (32-bit)
 Heap Region Size: 1M
 Heap Min Capacity: 8M
 Heap Initial Capacity: 126M
 Heap Max Capacity: 2006M
 Pre-touch: Disabled
 Parallel Workers: 4
 Concurrent Workers: 1
 Concurrent Refinement Workers: 4
 Periodic GC: Disabled
Heap:
 garbage-first heap   total 187392K, used 3599K [0x0000000082a00000, 0x0000000100000000)
  region size 1024K, 4 young (4096K), 1 survivors (1024K)
 Metaspace       used 2710K, committed 2880K, reserved 1056768K
  class space    used 234K, committed 320K, reserved 1048576K
GC Heap History (20 events):
Event: 16.740 GC heap before
{Heap before GC invocations=64 (full 0):
 garbage-first heap   total 187392K, used 112143K [0x0000000082a00000, 0x0000000100000000)
  region size 1024K, 109 young (111616K), 1 survivors (1024K)
 Metaspace       used 2683K, committed 2816K, reserved 1056768K
  class space    used 231K, committed 320K, reserved 1048576K
}
Event: 16.741 GC heap after
{Heap after GC invocations=65 (full 0):
 garbage-first heap   total 187392K, used 1549K [0x0000000082a00000, 0x0000000100000000)
  region size 1024K, 1 young (1024K), 1 survivors (1024K)
 Metaspace       used 2683K, committed 2816K, reserved 1056768K
  class space    used 231K, committed 320K, reserved 1048576K
}
Event: 16.955 GC heap before
{Heap before GC invocations=65 (full 0):
 garbage-first heap   total 187392K, used 112141K [0x0000000082a00000, 0x0000000100000000)
  region size 1024K, 109 young (111616K), 1 survivors (1024K)
 Metaspace       used 2683K, committed 2816K, reserved 1056768K
  class space    used 231K, committed 320K, reserved 1048576K
}
Event: 16.956 GC heap after
{Heap after GC invocations=66 (full 0):
 garbage-first heap   total 187392K, used 1551K [0x0000000082a00000, 0x0000000100000000)
  region size 1024K, 1 young (1024K), 1 survivors (1024K)
 Metaspace       used 2683K, committed 2816K, reserved 1056768K
  class space    used 231K, committed 320K, reserved 1048576K
}
Event: 17.153 GC heap before
{Heap before GC invocations=66 (full 0):
 garbage-first heap   total 187392K, used 112143K [0x0000000082a00000, 0x0000000100000000)
  region size 1024K, 109 young (111616K), 1 survivors (1024K)
 Metaspace       used 2683K, committed 2816K, reserved 1056768K
  class space    used 231K, committed 320K, reserved 1048576K
}
Event: 17.153 GC heap after
{Heap after GC invocations=67 (full 0):
 garbage-first heap   total 187392K, used 1551K [0x0000000082a00000, 0x0000000100000000)
  region size 1024K, 1 young (1024K), 1 survivors (1024K)
 Metaspace       used 2683K, committed 2816K, reserved 1056768K
  class space    used 231K, committed 320K, reserved 1048576K
}
Event: 17.349 GC heap before
{Heap before GC invocations=67 (full 0):
 garbage-first heap   total 187392K, used 112143K [0x0000000082a00000, 0x0000000100000000)
  region size 1024K, 109 young (111616K), 1 survivors (1024K)
 Metaspace       used 2683K, committed 2816K, reserved 1056768K
  class space    used 231K, committed 320K, reserved 1048576K
}
Event: 17.349 GC heap after
{Heap after GC invocations=68 (full 0):
 garbage-first heap   total 187392K, used 1551K [0x0000000082a00000, 0x0000000100000000)
  region size 1024K, 1 young (1024K), 1 survivors (1024K)
 Metaspace       used 2683K, committed 2816K, reserved 1056768K
  class space    used 231K, committed 320K, reserved 1048576K
}
Event: 17.556 GC heap before
{Heap before GC invocations=68 (full 0):
 garbage-first heap   total 187392K, used 112143K [0x0000000082a00000, 0x0000000100000000)
  region size 1024K, 109 young (111616K), 1 survivors (1024K)
 Metaspace       used 2683K, committed 2816K, reserved 1056768K
  class space    used 231K, committed 320K, reserved 1048576K
}
Event: 17.557 GC heap after
{Heap after GC invocations=69 (full 0):
 garbage-first heap   total 187392K, used 1551K [0x0000000082a00000, 0x0000000100000000)
  region size 1024K, 1 young (1024K), 1 survivors (1024K)
 Metaspace       used 2683K, committed 2816K, reserved 1056768K
  class space    used 231K, committed 320K, reserved 1048576K
}
Event: 17.754 GC heap before
{Heap before GC invocations=69 (full 0):
 garbage-first heap   total 187392K, used 112143K [0x0000000082a00000, 0x0000000100000000)
  region size 1024K, 109 young (111616K), 1 survivors (1024K)
 Metaspace       used 2683K, committed 2816K, reserved 1056768K
  class space    used 231K, committed 320K, reserved 1048576K
}
Event: 17.754 GC heap after
{Heap after GC invocations=70 (full 0):
 garbage-first heap   total 187392K, used 1551K [0x0000000082a00000, 0x0000000100000000)
  region size 1024K, 1 young (1024K), 1 survivors (1024K)
 Metaspace       used 2683K, committed 2816K, reserved 1056768K
  class space    used 231K, committed 320K, reserved 1048576K
}
Event: 17.953 GC heap before
{Heap before GC invocations=70 (full 0):
 garbage-first heap   total 187392K, used 112143K [0x0000000082a00000, 0x0000000100000000)
  region size 1024K, 109 young (111616K), 1 survivors (1024K)
 Metaspace       used 2683K, committed 2816K, reserved 1056768K
  class space    used 231K, committed 320K, reserved 1048576K
}
Event: 17.954 GC heap after
{Heap after GC invocations=71 (full 0):
 garbage-first heap   total 187392K, used 1551K [0x0000000082a00000, 0x0000000100000000)
  region size 1024K, 1 young (1024K), 1 survivors (1024K)
 Metaspace       used 2683K, committed 2816K, reserved 1056768K
  class space    used 231K, committed 320K, reserved 1048576K
}
Event: 18.163 GC heap before
{Heap before GC invocations=71 (full 0):
 garbage-first heap   total 187392K, used 112143K [0x0000000082a00000, 0x0000000100000000)
  region size 1024K, 109 young (111616K), 1 survivors (1024K)
 Metaspace       used 2683K, committed 2816K, reserved 1056768K
  class space    used 231K, committed 320K, reserved 1048576K
}
Event: 18.164 GC heap after
{Heap after GC invocations=72 (full 0):
 garbage-first heap   total 187392K, used 1551K [0x0000000082a00000, 0x0000000100000000)
  region size 1024K, 1 young (1024K), 1 survivors (1024K)
 Metaspace       used 2683K, committed 2816K, reserved 1056768K
  class space    used 231K, committed 320K, reserved 1048576K
}
Event: 18.358 GC heap before
{Heap before GC invocations=72 (full 0):
 garbage-first heap   total 187392K, used 112143K [0x0000000082a00000, 0x0000000100000000)
  region size 1024K, 109 young (111616K), 1 survivors (1024K)
 Metaspace       used 2683K, committed 2816K, reserved 1056768K
  class space    used 231K, committed 320K, reserved 1048576K
}
Event: 18.358 GC heap after
{Heap after GC invocations=73 (full 0):
 garbage-first heap   total 187392K, used 1551K [0x0000000082a00000, 0x0000000100000000)
  region size 1024K, 1 young (1024K), 1 survivors (1024K)
 Metaspace       used 2683K, committed 2816K, reserved 1056768K
  class space    used 231K, committed 320K, reserved 1048576K
}
Event: 53.971 GC heap before
{Heap before GC invocations=73 (full 0):
 garbage-first heap   total 187392K, used 112143K [0x0000000082a00000, 0x0000000100000000)
  region size 1024K, 109 young (111616K), 1 survivors (1024K)
 Metaspace       used 2687K, committed 2816K, reserved 1056768K
  class space    used 232K, committed 320K, reserved 1048576K
}
Event: 53.971 GC heap after
{Heap after GC invocations=74 (full 0):
 garbage-first heap   total 187392K, used 1551K [0x0000000082a00000, 0x0000000100000000)
  region size 1024K, 1 young (1024K), 1 survivors (1024K)
 Metaspace       used 2687K, committed 2816K, reserved 1056768K
  class space    used 232K, committed 320K, reserved 1048576K
}

